1.2631649971008
0.99151962995529
1.0816202163696
1.0892137289047
1.9474675655365
1.993420958519
2.0558321475983
2.0863440036774
2.7708902359009
2.9710083007812
3.0363101959229
2.990246295929
3.6353580951691
3.9446687698364
4.0063781738281
3.9255301952362
4.4163455963135
4.636034488678
4.8966331481934
4.6353421211243
5.2327718734741
5.6482825279236
5.7810091972351
5.666187286377
5.928985118866
6.6271176338196
6.5938634872437
6.6245336532593
6.6752572059631
7.6239619255066
7.6356902122498
7.6302313804626
7.7061839103699
7.5179004669189
