1.035858631134
1.0499416589737
0.26044869422913
0.95961534976959
0.081586644053459
0.64886736869812
1.3216679096222
1.4807703495026
2.1650812625885
2.4521856307983
2.4065294265747
2.4385833740234
2.9734163284302
3.4030828475952
3.291478395462
3.3760273456573
3.5932188034058
4.0380563735962
2.3345720767975
3.910721540451
4.2949566841125
4.97989320755
5.1323475837708
4.9225521087646
3.1919243335724
4.8890137672424
5.2470235824585
5.8392357826233
5.5132837295532
6.8408908843994
4.7538828849792
6.3674511909485
6.4116659164429
6.7896885871887
7.8173494338989
7.6962475776672
7.8680815696716
7.8007650375366
6.4218049049377
8.484112739563
7.5486416816711
8.9537401199341
5.9805207252502
8.487889289856
5.3528323173523
8.3091373443604
5.5114140510559
8.4408330917358
6.1496033668518
8.4882364273071
8.4707736968994
9.9775686264038
6.8958511352539
9.8239002227783
5.9862923622131
9.6754245758057
10.163500785828
9.9728050231934
10.849934577942
11.712723731995
10.416608810425
11.684056282043
7.1436634063721
11.213470458984
7.780638217926
11.218084335327
11.411524772644
11.852657318115
8.068528175354
11.812292098999
8.3382263183594
11.742513656616
7.7277121543884
11.695424079895
11.103919029236
12.245036125183
9.1621599197388
